<?xml version="1.0" encoding="UTF-8"?>
<!-- Generated by org.testng.reporters.JUnitXMLReporter -->
<testsuite ignored="0" hostname="DESKTOP-UGQCLB1" failures="0" tests="5" name="Test" time="94.822" errors="0" timestamp="2022-07-11T12:59:36 IST">
  <testcase classname="Academy.E2EProject.HomePage" name="basepageNavigation" time="27.32"/>
  <testcase classname="Academy.E2EProject.HomePage" name="basepageNavigation" time="19.281"/>
  <testcase classname="Academy.E2EProject.ValidateCourses" name="basepageNavigation" time="0.068"/>
  <testcase classname="Academy.E2EProject.AppTest" name="shouldAnswerWithTrue" time="0.001"/>
  <testcase classname="Academy.E2EProject.ValidateNavigationBar" name="basepageNavigation" time="0.082"/>
</testsuite> <!-- Test -->
