<?xml version="1.0" encoding="UTF-8"?>
<!-- Generated by org.testng.reporters.JUnitXMLReporter -->
<testsuite ignored="0" hostname="DESKTOP-UGQCLB1" failures="0" tests="2" name="validating courses" time="0.053" errors="0" timestamp="2022-07-21T21:39:07 IST">
  <testcase classname="Academy.ValidateCourses" name="@BeforeTest initialize" time="0.001">
    <failure type="java.lang.NullPointerException">
      <![CDATA[java.lang.NullPointerException
at resources.base.initializeDriver(base.java:58)
at Academy.ValidateCourses.initialize(ValidateCourses.java:20)
... Removed 24 stack frames]]>
    </failure>
  </testcase> <!-- @BeforeTest initialize -->
  <testcase classname="Academy.ValidateCourses" name="@AfterTest teardown" time="-1.658419747514E9">
    <skipped/>
  </testcase> <!-- @AfterTest teardown -->
  <testcase classname="Academy.ValidateCourses" name="ValidateHeader" time="0.0">
    <skipped/>
  </testcase> <!-- ValidateHeader -->
  <testcase classname="Academy.ValidateCourses" name="basepageNavigation" time="0.0">
    <skipped/>
  </testcase> <!-- basepageNavigation -->
</testsuite> <!-- validating courses -->
