<?xml version="1.0" encoding="UTF-8"?>
<!-- Generated by org.testng.reporters.JUnitXMLReporter -->
<testsuite ignored="0" hostname="DESKTOP-UGQCLB1" failures="0" tests="2" name="validating homepage" time="0.084" errors="0" timestamp="2022-07-21T21:39:06 IST">
  <testcase classname="Academy.HomePage" name="@BeforeTest initialize" time="0.015">
    <failure type="java.lang.NullPointerException">
      <![CDATA[java.lang.NullPointerException
at resources.base.initializeDriver(base.java:58)
at Academy.HomePage.initialize(HomePage.java:25)
... Removed 24 stack frames]]>
    </failure>
  </testcase> <!-- @BeforeTest initialize -->
  <testcase classname="Academy.HomePage" name="@AfterTest teardown" time="-1.658419746875E9">
    <skipped/>
  </testcase> <!-- @AfterTest teardown -->
  <testcase classname="Academy.HomePage" name="basepageNavigation" time="0.0">
    <skipped/>
  </testcase> <!-- basepageNavigation -->
  <testcase classname="Academy.HomePage" name="basepageNavigation" time="0.0">
    <skipped/>
  </testcase> <!-- basepageNavigation -->
</testsuite> <!-- validating homepage -->
